The system is: Linux - 4.4.0-17134-Microsoft - x86_64
Compiling the C compiler identification source file "CMakeCCompilerId.c" succeeded.
Compiler: /usr/bin/cc 
Build flags: ;-ffunction-sections;-fdata-sections;-fPIC
Id flags:  

The output was:
0


Compilation of the C compiler identification source "CMakeCCompilerId.c" produced "a.out"

The C compiler identification is GNU, found in "/mnt/c/Users/Artemee/WebstormProjects/Using WebAssembly with Rust/utils/target/wasm32-unknown-unknown/release/build/onig_sys-5f71c2c7b9d654fa/out/build/CMakeFiles/3.10.2/CompilerIdC/a.out"

Determining if the C compiler works passed with the following output:
Change Dir: /mnt/c/Users/Artemee/WebstormProjects/Using WebAssembly with Rust/utils/target/wasm32-unknown-unknown/release/build/onig_sys-5f71c2c7b9d654fa/out/build/CMakeFiles/CMakeTmp

Run Build Command:"/usr/bin/make" "cmTC_74538/fast"
/usr/bin/make -f CMakeFiles/cmTC_74538.dir/build.make CMakeFiles/cmTC_74538.dir/build
make[1]: Entering directory '/mnt/c/Users/Artemee/WebstormProjects/Using WebAssembly with Rust/utils/target/wasm32-unknown-unknown/release/build/onig_sys-5f71c2c7b9d654fa/out/build/CMakeFiles/CMakeTmp'
Building C object CMakeFiles/cmTC_74538.dir/testCCompiler.c.o
/usr/bin/cc   -ffunction-sections -fdata-sections -fPIC    -o CMakeFiles/cmTC_74538.dir/testCCompiler.c.o   -c "/mnt/c/Users/Artemee/WebstormProjects/Using WebAssembly with Rust/utils/target/wasm32-unknown-unknown/release/build/onig_sys-5f71c2c7b9d654fa/out/build/CMakeFiles/CMakeTmp/testCCompiler.c"
Linking C executable cmTC_74538
/usr/bin/cmake -E cmake_link_script CMakeFiles/cmTC_74538.dir/link.txt --verbose=1
/usr/bin/cc  -ffunction-sections -fdata-sections -fPIC     -rdynamic CMakeFiles/cmTC_74538.dir/testCCompiler.c.o  -o cmTC_74538 
make[1]: Leaving directory '/mnt/c/Users/Artemee/WebstormProjects/Using WebAssembly with Rust/utils/target/wasm32-unknown-unknown/release/build/onig_sys-5f71c2c7b9d654fa/out/build/CMakeFiles/CMakeTmp'


Detecting C compiler ABI info compiled with the following output:
Change Dir: /mnt/c/Users/Artemee/WebstormProjects/Using WebAssembly with Rust/utils/target/wasm32-unknown-unknown/release/build/onig_sys-5f71c2c7b9d654fa/out/build/CMakeFiles/CMakeTmp

Run Build Command:"/usr/bin/make" "cmTC_0a643/fast"
/usr/bin/make -f CMakeFiles/cmTC_0a643.dir/build.make CMakeFiles/cmTC_0a643.dir/build
make[1]: Entering directory '/mnt/c/Users/Artemee/WebstormProjects/Using WebAssembly with Rust/utils/target/wasm32-unknown-unknown/release/build/onig_sys-5f71c2c7b9d654fa/out/build/CMakeFiles/CMakeTmp'
Building C object CMakeFiles/cmTC_0a643.dir/CMakeCCompilerABI.c.o
/usr/bin/cc   -ffunction-sections -fdata-sections -fPIC    -o CMakeFiles/cmTC_0a643.dir/CMakeCCompilerABI.c.o   -c /usr/share/cmake-3.10/Modules/CMakeCCompilerABI.c
Linking C executable cmTC_0a643
/usr/bin/cmake -E cmake_link_script CMakeFiles/cmTC_0a643.dir/link.txt --verbose=1
/usr/bin/cc  -ffunction-sections -fdata-sections -fPIC    -v -rdynamic CMakeFiles/cmTC_0a643.dir/CMakeCCompilerABI.c.o  -o cmTC_0a643 
Using built-in specs.
COLLECT_GCC=/usr/bin/cc
COLLECT_LTO_WRAPPER=/usr/lib/gcc/x86_64-linux-gnu/7/lto-wrapper
OFFLOAD_TARGET_NAMES=nvptx-none
OFFLOAD_TARGET_DEFAULT=1
Target: x86_64-linux-gnu
Configured with: ../src/configure -v --with-pkgversion='Ubuntu 7.3.0-27ubuntu1~18.04' --with-bugurl=file:///usr/share/doc/gcc-7/README.Bugs --enable-languages=c,ada,c++,go,brig,d,fortran,objc,obj-c++ --prefix=/usr --with-gcc-major-version-only --program-suffix=-7 --program-prefix=x86_64-linux-gnu- --enable-shared --enable-linker-build-id --libexecdir=/usr/lib --without-included-gettext --enable-threads=posix --libdir=/usr/lib --enable-nls --with-sysroot=/ --enable-clocale=gnu --enable-libstdcxx-debug --enable-libstdcxx-time=yes --with-default-libstdcxx-abi=new --enable-gnu-unique-object --disable-vtable-verify --enable-libmpx --enable-plugin --enable-default-pie --with-system-zlib --with-target-system-zlib --enable-objc-gc=auto --enable-multiarch --disable-werror --with-arch-32=i686 --with-abi=m64 --with-multilib-list=m32,m64,mx32 --enable-multilib --with-tune=generic --enable-offload-targets=nvptx-none --without-cuda-driver --enable-checking=release --build=x86_64-linux-gnu --host=x86_64-linux-gnu --target=x86_64-linux-gnu
Thread model: posix
gcc version 7.3.0 (Ubuntu 7.3.0-27ubuntu1~18.04) 
COMPILER_PATH=/usr/lib/gcc/x86_64-linux-gnu/7/:/usr/lib/gcc/x86_64-linux-gnu/7/:/usr/lib/gcc/x86_64-linux-gnu/:/usr/lib/gcc/x86_64-linux-gnu/7/:/usr/lib/gcc/x86_64-linux-gnu/
LIBRARY_PATH=/usr/lib/gcc/x86_64-linux-gnu/7/:/usr/lib/gcc/x86_64-linux-gnu/7/../../../x86_64-linux-gnu/:/usr/lib/gcc/x86_64-linux-gnu/7/../../../../lib/:/lib/x86_64-linux-gnu/:/lib/../lib/:/usr/lib/x86_64-linux-gnu/:/usr/lib/../lib/:/usr/lib/gcc/x86_64-linux-gnu/7/../../../:/lib/:/usr/lib/
COLLECT_GCC_OPTIONS='-ffunction-sections' '-fdata-sections' '-fPIC' '-v' '-rdynamic' '-o' 'cmTC_0a643' '-mtune=generic' '-march=x86-64'
 /usr/lib/gcc/x86_64-linux-gnu/7/collect2 -plugin /usr/lib/gcc/x86_64-linux-gnu/7/liblto_plugin.so -plugin-opt=/usr/lib/gcc/x86_64-linux-gnu/7/lto-wrapper -plugin-opt=-fresolution=/tmp/cc8z6rks.res -plugin-opt=-pass-through=-lgcc -plugin-opt=-pass-through=-lgcc_s -plugin-opt=-pass-through=-lc -plugin-opt=-pass-through=-lgcc -plugin-opt=-pass-through=-lgcc_s --sysroot=/ --build-id --eh-frame-hdr -m elf_x86_64 --hash-style=gnu --as-needed -export-dynamic -dynamic-linker /lib64/ld-linux-x86-64.so.2 -pie -z now -z relro -o cmTC_0a643 /usr/lib/gcc/x86_64-linux-gnu/7/../../../x86_64-linux-gnu/Scrt1.o /usr/lib/gcc/x86_64-linux-gnu/7/../../../x86_64-linux-gnu/crti.o /usr/lib/gcc/x86_64-linux-gnu/7/crtbeginS.o -L/usr/lib/gcc/x86_64-linux-gnu/7 -L/usr/lib/gcc/x86_64-linux-gnu/7/../../../x86_64-linux-gnu -L/usr/lib/gcc/x86_64-linux-gnu/7/../../../../lib -L/lib/x86_64-linux-gnu -L/lib/../lib -L/usr/lib/x86_64-linux-gnu -L/usr/lib/../lib -L/usr/lib/gcc/x86_64-linux-gnu/7/../../.. CMakeFiles/cmTC_0a643.dir/CMakeCCompilerABI.c.o -lgcc --push-state --as-needed -lgcc_s --pop-state -lc -lgcc --push-state --as-needed -lgcc_s --pop-state /usr/lib/gcc/x86_64-linux-gnu/7/crtendS.o /usr/lib/gcc/x86_64-linux-gnu/7/../../../x86_64-linux-gnu/crtn.o
COLLECT_GCC_OPTIONS='-ffunction-sections' '-fdata-sections' '-fPIC' '-v' '-rdynamic' '-o' 'cmTC_0a643' '-mtune=generic' '-march=x86-64'
make[1]: Leaving directory '/mnt/c/Users/Artemee/WebstormProjects/Using WebAssembly with Rust/utils/target/wasm32-unknown-unknown/release/build/onig_sys-5f71c2c7b9d654fa/out/build/CMakeFiles/CMakeTmp'


Parsed C implicit link information from above output:
  link line regex: [^( *|.*[/\])(ld|CMAKE_LINK_STARTFILE-NOTFOUND|([^/\]+-)?ld|collect2)[^/\]*( |$)]
  ignore line: [Change Dir: /mnt/c/Users/Artemee/WebstormProjects/Using WebAssembly with Rust/utils/target/wasm32-unknown-unknown/release/build/onig_sys-5f71c2c7b9d654fa/out/build/CMakeFiles/CMakeTmp]
  ignore line: []
  ignore line: [Run Build Command:"/usr/bin/make" "cmTC_0a643/fast"]
  ignore line: [/usr/bin/make -f CMakeFiles/cmTC_0a643.dir/build.make CMakeFiles/cmTC_0a643.dir/build]
  ignore line: [make[1]: Entering directory '/mnt/c/Users/Artemee/WebstormProjects/Using WebAssembly with Rust/utils/target/wasm32-unknown-unknown/release/build/onig_sys-5f71c2c7b9d654fa/out/build/CMakeFiles/CMakeTmp']
  ignore line: [Building C object CMakeFiles/cmTC_0a643.dir/CMakeCCompilerABI.c.o]
  ignore line: [/usr/bin/cc   -ffunction-sections -fdata-sections -fPIC    -o CMakeFiles/cmTC_0a643.dir/CMakeCCompilerABI.c.o   -c /usr/share/cmake-3.10/Modules/CMakeCCompilerABI.c]
  ignore line: [Linking C executable cmTC_0a643]
  ignore line: [/usr/bin/cmake -E cmake_link_script CMakeFiles/cmTC_0a643.dir/link.txt --verbose=1]
  ignore line: [/usr/bin/cc  -ffunction-sections -fdata-sections -fPIC    -v -rdynamic CMakeFiles/cmTC_0a643.dir/CMakeCCompilerABI.c.o  -o cmTC_0a643 ]
  ignore line: [Using built-in specs.]
  ignore line: [COLLECT_GCC=/usr/bin/cc]
  ignore line: [COLLECT_LTO_WRAPPER=/usr/lib/gcc/x86_64-linux-gnu/7/lto-wrapper]
  ignore line: [OFFLOAD_TARGET_NAMES=nvptx-none]
  ignore line: [OFFLOAD_TARGET_DEFAULT=1]
  ignore line: [Target: x86_64-linux-gnu]
  ignore line: [Configured with: ../src/configure -v --with-pkgversion='Ubuntu 7.3.0-27ubuntu1~18.04' --with-bugurl=file:///usr/share/doc/gcc-7/README.Bugs --enable-languages=c,ada,c++,go,brig,d,fortran,objc,obj-c++ --prefix=/usr --with-gcc-major-version-only --program-suffix=-7 --program-prefix=x86_64-linux-gnu- --enable-shared --enable-linker-build-id --libexecdir=/usr/lib --without-included-gettext --enable-threads=posix --libdir=/usr/lib --enable-nls --with-sysroot=/ --enable-clocale=gnu --enable-libstdcxx-debug --enable-libstdcxx-time=yes --with-default-libstdcxx-abi=new --enable-gnu-unique-object --disable-vtable-verify --enable-libmpx --enable-plugin --enable-default-pie --with-system-zlib --with-target-system-zlib --enable-objc-gc=auto --enable-multiarch --disable-werror --with-arch-32=i686 --with-abi=m64 --with-multilib-list=m32,m64,mx32 --enable-multilib --with-tune=generic --enable-offload-targets=nvptx-none --without-cuda-driver --enable-checking=release --build=x86_64-linux-gnu --host=x86_64-linux-gnu --target=x86_64-linux-gnu]
  ignore line: [Thread model: posix]
  ignore line: [gcc version 7.3.0 (Ubuntu 7.3.0-27ubuntu1~18.04) ]
  ignore line: [COMPILER_PATH=/usr/lib/gcc/x86_64-linux-gnu/7/:/usr/lib/gcc/x86_64-linux-gnu/7/:/usr/lib/gcc/x86_64-linux-gnu/:/usr/lib/gcc/x86_64-linux-gnu/7/:/usr/lib/gcc/x86_64-linux-gnu/]
  ignore line: [LIBRARY_PATH=/usr/lib/gcc/x86_64-linux-gnu/7/:/usr/lib/gcc/x86_64-linux-gnu/7/../../../x86_64-linux-gnu/:/usr/lib/gcc/x86_64-linux-gnu/7/../../../../lib/:/lib/x86_64-linux-gnu/:/lib/../lib/:/usr/lib/x86_64-linux-gnu/:/usr/lib/../lib/:/usr/lib/gcc/x86_64-linux-gnu/7/../../../:/lib/:/usr/lib/]
  ignore line: [COLLECT_GCC_OPTIONS='-ffunction-sections' '-fdata-sections' '-fPIC' '-v' '-rdynamic' '-o' 'cmTC_0a643' '-mtune=generic' '-march=x86-64']
  link line: [ /usr/lib/gcc/x86_64-linux-gnu/7/collect2 -plugin /usr/lib/gcc/x86_64-linux-gnu/7/liblto_plugin.so -plugin-opt=/usr/lib/gcc/x86_64-linux-gnu/7/lto-wrapper -plugin-opt=-fresolution=/tmp/cc8z6rks.res -plugin-opt=-pass-through=-lgcc -plugin-opt=-pass-through=-lgcc_s -plugin-opt=-pass-through=-lc -plugin-opt=-pass-through=-lgcc -plugin-opt=-pass-through=-lgcc_s --sysroot=/ --build-id --eh-frame-hdr -m elf_x86_64 --hash-style=gnu --as-needed -export-dynamic -dynamic-linker /lib64/ld-linux-x86-64.so.2 -pie -z now -z relro -o cmTC_0a643 /usr/lib/gcc/x86_64-linux-gnu/7/../../../x86_64-linux-gnu/Scrt1.o /usr/lib/gcc/x86_64-linux-gnu/7/../../../x86_64-linux-gnu/crti.o /usr/lib/gcc/x86_64-linux-gnu/7/crtbeginS.o -L/usr/lib/gcc/x86_64-linux-gnu/7 -L/usr/lib/gcc/x86_64-linux-gnu/7/../../../x86_64-linux-gnu -L/usr/lib/gcc/x86_64-linux-gnu/7/../../../../lib -L/lib/x86_64-linux-gnu -L/lib/../lib -L/usr/lib/x86_64-linux-gnu -L/usr/lib/../lib -L/usr/lib/gcc/x86_64-linux-gnu/7/../../.. CMakeFiles/cmTC_0a643.dir/CMakeCCompilerABI.c.o -lgcc --push-state --as-needed -lgcc_s --pop-state -lc -lgcc --push-state --as-needed -lgcc_s --pop-state /usr/lib/gcc/x86_64-linux-gnu/7/crtendS.o /usr/lib/gcc/x86_64-linux-gnu/7/../../../x86_64-linux-gnu/crtn.o]
    arg [/usr/lib/gcc/x86_64-linux-gnu/7/collect2] ==> ignore
    arg [-plugin] ==> ignore
    arg [/usr/lib/gcc/x86_64-linux-gnu/7/liblto_plugin.so] ==> ignore
    arg [-plugin-opt=/usr/lib/gcc/x86_64-linux-gnu/7/lto-wrapper] ==> ignore
    arg [-plugin-opt=-fresolution=/tmp/cc8z6rks.res] ==> ignore
    arg [-plugin-opt=-pass-through=-lgcc] ==> ignore
    arg [-plugin-opt=-pass-through=-lgcc_s] ==> ignore
    arg [-plugin-opt=-pass-through=-lc] ==> ignore
    arg [-plugin-opt=-pass-through=-lgcc] ==> ignore
    arg [-plugin-opt=-pass-through=-lgcc_s] ==> ignore
    arg [--sysroot=/] ==> ignore
    arg [--build-id] ==> ignore
    arg [--eh-frame-hdr] ==> ignore
    arg [-m] ==> ignore
    arg [elf_x86_64] ==> ignore
    arg [--hash-style=gnu] ==> ignore
    arg [--as-needed] ==> ignore
    arg [-export-dynamic] ==> ignore
    arg [-dynamic-linker] ==> ignore
    arg [/lib64/ld-linux-x86-64.so.2] ==> ignore
    arg [-pie] ==> ignore
    arg [-znow] ==> ignore
    arg [-zrelro] ==> ignore
    arg [-o] ==> ignore
    arg [cmTC_0a643] ==> ignore
    arg [/usr/lib/gcc/x86_64-linux-gnu/7/../../../x86_64-linux-gnu/Scrt1.o] ==> ignore
    arg [/usr/lib/gcc/x86_64-linux-gnu/7/../../../x86_64-linux-gnu/crti.o] ==> ignore
    arg [/usr/lib/gcc/x86_64-linux-gnu/7/crtbeginS.o] ==> ignore
    arg [-L/usr/lib/gcc/x86_64-linux-gnu/7] ==> dir [/usr/lib/gcc/x86_64-linux-gnu/7]
    arg [-L/usr/lib/gcc/x86_64-linux-gnu/7/../../../x86_64-linux-gnu] ==> dir [/usr/lib/gcc/x86_64-linux-gnu/7/../../../x86_64-linux-gnu]
    arg [-L/usr/lib/gcc/x86_64-linux-gnu/7/../../../../lib] ==> dir [/usr/lib/gcc/x86_64-linux-gnu/7/../../../../lib]
    arg [-L/lib/x86_64-linux-gnu] ==> dir [/lib/x86_64-linux-gnu]
    arg [-L/lib/../lib] ==> dir [/lib/../lib]
    arg [-L/usr/lib/x86_64-linux-gnu] ==> dir [/usr/lib/x86_64-linux-gnu]
    arg [-L/usr/lib/../lib] ==> dir [/usr/lib/../lib]
    arg [-L/usr/lib/gcc/x86_64-linux-gnu/7/../../..] ==> dir [/usr/lib/gcc/x86_64-linux-gnu/7/../../..]
    arg [CMakeFiles/cmTC_0a643.dir/CMakeCCompilerABI.c.o] ==> ignore
    arg [-lgcc] ==> lib [gcc]
    arg [--push-state] ==> ignore
    arg [--as-needed] ==> ignore
    arg [-lgcc_s] ==> lib [gcc_s]
    arg [--pop-state] ==> ignore
    arg [-lc] ==> lib [c]
    arg [-lgcc] ==> lib [gcc]
    arg [--push-state] ==> ignore
    arg [--as-needed] ==> ignore
    arg [-lgcc_s] ==> lib [gcc_s]
    arg [--pop-state] ==> ignore
    arg [/usr/lib/gcc/x86_64-linux-gnu/7/crtendS.o] ==> ignore
    arg [/usr/lib/gcc/x86_64-linux-gnu/7/../../../x86_64-linux-gnu/crtn.o] ==> ignore
  collapse library dir [/usr/lib/gcc/x86_64-linux-gnu/7] ==> [/usr/lib/gcc/x86_64-linux-gnu/7]
  collapse library dir [/usr/lib/gcc/x86_64-linux-gnu/7/../../../x86_64-linux-gnu] ==> [/usr/lib/x86_64-linux-gnu]
  collapse library dir [/usr/lib/gcc/x86_64-linux-gnu/7/../../../../lib] ==> [/usr/lib]
  collapse library dir [/lib/x86_64-linux-gnu] ==> [/lib/x86_64-linux-gnu]
  collapse library dir [/lib/../lib] ==> [/lib]
  collapse library dir [/usr/lib/x86_64-linux-gnu] ==> [/usr/lib/x86_64-linux-gnu]
  collapse library dir [/usr/lib/../lib] ==> [/usr/lib]
  collapse library dir [/usr/lib/gcc/x86_64-linux-gnu/7/../../..] ==> [/usr/lib]
  implicit libs: [gcc;gcc_s;c;gcc;gcc_s]
  implicit dirs: [/usr/lib/gcc/x86_64-linux-gnu/7;/usr/lib/x86_64-linux-gnu;/usr/lib;/lib/x86_64-linux-gnu;/lib]
  implicit fwks: []




Detecting C [-std=c11] compiler features compiled with the following output:
Change Dir: /mnt/c/Users/Artemee/WebstormProjects/Using WebAssembly with Rust/utils/target/wasm32-unknown-unknown/release/build/onig_sys-5f71c2c7b9d654fa/out/build/CMakeFiles/CMakeTmp

Run Build Command:"/usr/bin/make" "cmTC_eed6c/fast"
/usr/bin/make -f CMakeFiles/cmTC_eed6c.dir/build.make CMakeFiles/cmTC_eed6c.dir/build
make[1]: Entering directory '/mnt/c/Users/Artemee/WebstormProjects/Using WebAssembly with Rust/utils/target/wasm32-unknown-unknown/release/build/onig_sys-5f71c2c7b9d654fa/out/build/CMakeFiles/CMakeTmp'
Building C object CMakeFiles/cmTC_eed6c.dir/feature_tests.c.o
/usr/bin/cc   -ffunction-sections -fdata-sections -fPIC    -std=c11 -o CMakeFiles/cmTC_eed6c.dir/feature_tests.c.o   -c "/mnt/c/Users/Artemee/WebstormProjects/Using WebAssembly with Rust/utils/target/wasm32-unknown-unknown/release/build/onig_sys-5f71c2c7b9d654fa/out/build/CMakeFiles/feature_tests.c"
Linking C executable cmTC_eed6c
/usr/bin/cmake -E cmake_link_script CMakeFiles/cmTC_eed6c.dir/link.txt --verbose=1
/usr/bin/cc  -ffunction-sections -fdata-sections -fPIC     -rdynamic CMakeFiles/cmTC_eed6c.dir/feature_tests.c.o  -o cmTC_eed6c 
make[1]: Leaving directory '/mnt/c/Users/Artemee/WebstormProjects/Using WebAssembly with Rust/utils/target/wasm32-unknown-unknown/release/build/onig_sys-5f71c2c7b9d654fa/out/build/CMakeFiles/CMakeTmp'


    Feature record: C_FEATURE:1c_function_prototypes
    Feature record: C_FEATURE:1c_restrict
    Feature record: C_FEATURE:1c_static_assert
    Feature record: C_FEATURE:1c_variadic_macros


Detecting C [-std=c99] compiler features compiled with the following output:
Change Dir: /mnt/c/Users/Artemee/WebstormProjects/Using WebAssembly with Rust/utils/target/wasm32-unknown-unknown/release/build/onig_sys-5f71c2c7b9d654fa/out/build/CMakeFiles/CMakeTmp

Run Build Command:"/usr/bin/make" "cmTC_ca8c1/fast"
/usr/bin/make -f CMakeFiles/cmTC_ca8c1.dir/build.make CMakeFiles/cmTC_ca8c1.dir/build
make[1]: Entering directory '/mnt/c/Users/Artemee/WebstormProjects/Using WebAssembly with Rust/utils/target/wasm32-unknown-unknown/release/build/onig_sys-5f71c2c7b9d654fa/out/build/CMakeFiles/CMakeTmp'
Building C object CMakeFiles/cmTC_ca8c1.dir/feature_tests.c.o
/usr/bin/cc   -ffunction-sections -fdata-sections -fPIC    -std=c99 -o CMakeFiles/cmTC_ca8c1.dir/feature_tests.c.o   -c "/mnt/c/Users/Artemee/WebstormProjects/Using WebAssembly with Rust/utils/target/wasm32-unknown-unknown/release/build/onig_sys-5f71c2c7b9d654fa/out/build/CMakeFiles/feature_tests.c"
Linking C executable cmTC_ca8c1
/usr/bin/cmake -E cmake_link_script CMakeFiles/cmTC_ca8c1.dir/link.txt --verbose=1
/usr/bin/cc  -ffunction-sections -fdata-sections -fPIC     -rdynamic CMakeFiles/cmTC_ca8c1.dir/feature_tests.c.o  -o cmTC_ca8c1 
make[1]: Leaving directory '/mnt/c/Users/Artemee/WebstormProjects/Using WebAssembly with Rust/utils/target/wasm32-unknown-unknown/release/build/onig_sys-5f71c2c7b9d654fa/out/build/CMakeFiles/CMakeTmp'


    Feature record: C_FEATURE:1c_function_prototypes
    Feature record: C_FEATURE:1c_restrict
    Feature record: C_FEATURE:0c_static_assert
    Feature record: C_FEATURE:1c_variadic_macros


Detecting C [-std=c90] compiler features compiled with the following output:
Change Dir: /mnt/c/Users/Artemee/WebstormProjects/Using WebAssembly with Rust/utils/target/wasm32-unknown-unknown/release/build/onig_sys-5f71c2c7b9d654fa/out/build/CMakeFiles/CMakeTmp

Run Build Command:"/usr/bin/make" "cmTC_ef22b/fast"
/usr/bin/make -f CMakeFiles/cmTC_ef22b.dir/build.make CMakeFiles/cmTC_ef22b.dir/build
make[1]: Entering directory '/mnt/c/Users/Artemee/WebstormProjects/Using WebAssembly with Rust/utils/target/wasm32-unknown-unknown/release/build/onig_sys-5f71c2c7b9d654fa/out/build/CMakeFiles/CMakeTmp'
Building C object CMakeFiles/cmTC_ef22b.dir/feature_tests.c.o
/usr/bin/cc   -ffunction-sections -fdata-sections -fPIC    -std=c90 -o CMakeFiles/cmTC_ef22b.dir/feature_tests.c.o   -c "/mnt/c/Users/Artemee/WebstormProjects/Using WebAssembly with Rust/utils/target/wasm32-unknown-unknown/release/build/onig_sys-5f71c2c7b9d654fa/out/build/CMakeFiles/feature_tests.c"
Linking C executable cmTC_ef22b
/usr/bin/cmake -E cmake_link_script CMakeFiles/cmTC_ef22b.dir/link.txt --verbose=1
/usr/bin/cc  -ffunction-sections -fdata-sections -fPIC     -rdynamic CMakeFiles/cmTC_ef22b.dir/feature_tests.c.o  -o cmTC_ef22b 
make[1]: Leaving directory '/mnt/c/Users/Artemee/WebstormProjects/Using WebAssembly with Rust/utils/target/wasm32-unknown-unknown/release/build/onig_sys-5f71c2c7b9d654fa/out/build/CMakeFiles/CMakeTmp'


    Feature record: C_FEATURE:1c_function_prototypes
    Feature record: C_FEATURE:0c_restrict
    Feature record: C_FEATURE:0c_static_assert
    Feature record: C_FEATURE:0c_variadic_macros
Determining if files alloca.h exist passed with the following output:
Change Dir: /mnt/c/Users/Artemee/WebstormProjects/Using WebAssembly with Rust/utils/target/wasm32-unknown-unknown/release/build/onig_sys-5f71c2c7b9d654fa/out/build/CMakeFiles/CMakeTmp

Run Build Command:"/usr/bin/make" "cmTC_019ac/fast"
/usr/bin/make -f CMakeFiles/cmTC_019ac.dir/build.make CMakeFiles/cmTC_019ac.dir/build
make[1]: Entering directory '/mnt/c/Users/Artemee/WebstormProjects/Using WebAssembly with Rust/utils/target/wasm32-unknown-unknown/release/build/onig_sys-5f71c2c7b9d654fa/out/build/CMakeFiles/CMakeTmp'
Building C object CMakeFiles/cmTC_019ac.dir/CheckIncludeFiles.c.o
/usr/bin/cc   -ffunction-sections -fdata-sections -fPIC -Wall    -o CMakeFiles/cmTC_019ac.dir/CheckIncludeFiles.c.o   -c "/mnt/c/Users/Artemee/WebstormProjects/Using WebAssembly with Rust/utils/target/wasm32-unknown-unknown/release/build/onig_sys-5f71c2c7b9d654fa/out/build/CMakeFiles/CMakeTmp/CheckIncludeFiles.c"
Linking C executable cmTC_019ac
/usr/bin/cmake -E cmake_link_script CMakeFiles/cmTC_019ac.dir/link.txt --verbose=1
/usr/bin/cc  -ffunction-sections -fdata-sections -fPIC -Wall     -rdynamic CMakeFiles/cmTC_019ac.dir/CheckIncludeFiles.c.o  -o cmTC_019ac 
make[1]: Leaving directory '/mnt/c/Users/Artemee/WebstormProjects/Using WebAssembly with Rust/utils/target/wasm32-unknown-unknown/release/build/onig_sys-5f71c2c7b9d654fa/out/build/CMakeFiles/CMakeTmp'


Determining if files stdarg.h exist passed with the following output:
Change Dir: /mnt/c/Users/Artemee/WebstormProjects/Using WebAssembly with Rust/utils/target/wasm32-unknown-unknown/release/build/onig_sys-5f71c2c7b9d654fa/out/build/CMakeFiles/CMakeTmp

Run Build Command:"/usr/bin/make" "cmTC_f7d47/fast"
/usr/bin/make -f CMakeFiles/cmTC_f7d47.dir/build.make CMakeFiles/cmTC_f7d47.dir/build
make[1]: Entering directory '/mnt/c/Users/Artemee/WebstormProjects/Using WebAssembly with Rust/utils/target/wasm32-unknown-unknown/release/build/onig_sys-5f71c2c7b9d654fa/out/build/CMakeFiles/CMakeTmp'
Building C object CMakeFiles/cmTC_f7d47.dir/CheckIncludeFiles.c.o
/usr/bin/cc   -ffunction-sections -fdata-sections -fPIC -Wall    -o CMakeFiles/cmTC_f7d47.dir/CheckIncludeFiles.c.o   -c "/mnt/c/Users/Artemee/WebstormProjects/Using WebAssembly with Rust/utils/target/wasm32-unknown-unknown/release/build/onig_sys-5f71c2c7b9d654fa/out/build/CMakeFiles/CMakeTmp/CheckIncludeFiles.c"
Linking C executable cmTC_f7d47
/usr/bin/cmake -E cmake_link_script CMakeFiles/cmTC_f7d47.dir/link.txt --verbose=1
/usr/bin/cc  -ffunction-sections -fdata-sections -fPIC -Wall     -rdynamic CMakeFiles/cmTC_f7d47.dir/CheckIncludeFiles.c.o  -o cmTC_f7d47 
make[1]: Leaving directory '/mnt/c/Users/Artemee/WebstormProjects/Using WebAssembly with Rust/utils/target/wasm32-unknown-unknown/release/build/onig_sys-5f71c2c7b9d654fa/out/build/CMakeFiles/CMakeTmp'


Determining if files stdint.h exist passed with the following output:
Change Dir: /mnt/c/Users/Artemee/WebstormProjects/Using WebAssembly with Rust/utils/target/wasm32-unknown-unknown/release/build/onig_sys-5f71c2c7b9d654fa/out/build/CMakeFiles/CMakeTmp

Run Build Command:"/usr/bin/make" "cmTC_37f1a/fast"
/usr/bin/make -f CMakeFiles/cmTC_37f1a.dir/build.make CMakeFiles/cmTC_37f1a.dir/build
make[1]: Entering directory '/mnt/c/Users/Artemee/WebstormProjects/Using WebAssembly with Rust/utils/target/wasm32-unknown-unknown/release/build/onig_sys-5f71c2c7b9d654fa/out/build/CMakeFiles/CMakeTmp'
Building C object CMakeFiles/cmTC_37f1a.dir/CheckIncludeFiles.c.o
/usr/bin/cc   -ffunction-sections -fdata-sections -fPIC -Wall    -o CMakeFiles/cmTC_37f1a.dir/CheckIncludeFiles.c.o   -c "/mnt/c/Users/Artemee/WebstormProjects/Using WebAssembly with Rust/utils/target/wasm32-unknown-unknown/release/build/onig_sys-5f71c2c7b9d654fa/out/build/CMakeFiles/CMakeTmp/CheckIncludeFiles.c"
Linking C executable cmTC_37f1a
/usr/bin/cmake -E cmake_link_script CMakeFiles/cmTC_37f1a.dir/link.txt --verbose=1
/usr/bin/cc  -ffunction-sections -fdata-sections -fPIC -Wall     -rdynamic CMakeFiles/cmTC_37f1a.dir/CheckIncludeFiles.c.o  -o cmTC_37f1a 
make[1]: Leaving directory '/mnt/c/Users/Artemee/WebstormProjects/Using WebAssembly with Rust/utils/target/wasm32-unknown-unknown/release/build/onig_sys-5f71c2c7b9d654fa/out/build/CMakeFiles/CMakeTmp'


Determining if files stdlib.h exist passed with the following output:
Change Dir: /mnt/c/Users/Artemee/WebstormProjects/Using WebAssembly with Rust/utils/target/wasm32-unknown-unknown/release/build/onig_sys-5f71c2c7b9d654fa/out/build/CMakeFiles/CMakeTmp

Run Build Command:"/usr/bin/make" "cmTC_32751/fast"
/usr/bin/make -f CMakeFiles/cmTC_32751.dir/build.make CMakeFiles/cmTC_32751.dir/build
make[1]: Entering directory '/mnt/c/Users/Artemee/WebstormProjects/Using WebAssembly with Rust/utils/target/wasm32-unknown-unknown/release/build/onig_sys-5f71c2c7b9d654fa/out/build/CMakeFiles/CMakeTmp'
Building C object CMakeFiles/cmTC_32751.dir/CheckIncludeFiles.c.o
/usr/bin/cc   -ffunction-sections -fdata-sections -fPIC -Wall    -o CMakeFiles/cmTC_32751.dir/CheckIncludeFiles.c.o   -c "/mnt/c/Users/Artemee/WebstormProjects/Using WebAssembly with Rust/utils/target/wasm32-unknown-unknown/release/build/onig_sys-5f71c2c7b9d654fa/out/build/CMakeFiles/CMakeTmp/CheckIncludeFiles.c"
Linking C executable cmTC_32751
/usr/bin/cmake -E cmake_link_script CMakeFiles/cmTC_32751.dir/link.txt --verbose=1
/usr/bin/cc  -ffunction-sections -fdata-sections -fPIC -Wall     -rdynamic CMakeFiles/cmTC_32751.dir/CheckIncludeFiles.c.o  -o cmTC_32751 
make[1]: Leaving directory '/mnt/c/Users/Artemee/WebstormProjects/Using WebAssembly with Rust/utils/target/wasm32-unknown-unknown/release/build/onig_sys-5f71c2c7b9d654fa/out/build/CMakeFiles/CMakeTmp'


Determining if files strings.h exist passed with the following output:
Change Dir: /mnt/c/Users/Artemee/WebstormProjects/Using WebAssembly with Rust/utils/target/wasm32-unknown-unknown/release/build/onig_sys-5f71c2c7b9d654fa/out/build/CMakeFiles/CMakeTmp

Run Build Command:"/usr/bin/make" "cmTC_543ee/fast"
/usr/bin/make -f CMakeFiles/cmTC_543ee.dir/build.make CMakeFiles/cmTC_543ee.dir/build
make[1]: Entering directory '/mnt/c/Users/Artemee/WebstormProjects/Using WebAssembly with Rust/utils/target/wasm32-unknown-unknown/release/build/onig_sys-5f71c2c7b9d654fa/out/build/CMakeFiles/CMakeTmp'
Building C object CMakeFiles/cmTC_543ee.dir/CheckIncludeFiles.c.o
/usr/bin/cc   -ffunction-sections -fdata-sections -fPIC -Wall    -o CMakeFiles/cmTC_543ee.dir/CheckIncludeFiles.c.o   -c "/mnt/c/Users/Artemee/WebstormProjects/Using WebAssembly with Rust/utils/target/wasm32-unknown-unknown/release/build/onig_sys-5f71c2c7b9d654fa/out/build/CMakeFiles/CMakeTmp/CheckIncludeFiles.c"
Linking C executable cmTC_543ee
/usr/bin/cmake -E cmake_link_script CMakeFiles/cmTC_543ee.dir/link.txt --verbose=1
/usr/bin/cc  -ffunction-sections -fdata-sections -fPIC -Wall     -rdynamic CMakeFiles/cmTC_543ee.dir/CheckIncludeFiles.c.o  -o cmTC_543ee 
make[1]: Leaving directory '/mnt/c/Users/Artemee/WebstormProjects/Using WebAssembly with Rust/utils/target/wasm32-unknown-unknown/release/build/onig_sys-5f71c2c7b9d654fa/out/build/CMakeFiles/CMakeTmp'


Determining if files string.h exist passed with the following output:
Change Dir: /mnt/c/Users/Artemee/WebstormProjects/Using WebAssembly with Rust/utils/target/wasm32-unknown-unknown/release/build/onig_sys-5f71c2c7b9d654fa/out/build/CMakeFiles/CMakeTmp

Run Build Command:"/usr/bin/make" "cmTC_f992a/fast"
/usr/bin/make -f CMakeFiles/cmTC_f992a.dir/build.make CMakeFiles/cmTC_f992a.dir/build
make[1]: Entering directory '/mnt/c/Users/Artemee/WebstormProjects/Using WebAssembly with Rust/utils/target/wasm32-unknown-unknown/release/build/onig_sys-5f71c2c7b9d654fa/out/build/CMakeFiles/CMakeTmp'
Building C object CMakeFiles/cmTC_f992a.dir/CheckIncludeFiles.c.o
/usr/bin/cc   -ffunction-sections -fdata-sections -fPIC -Wall    -o CMakeFiles/cmTC_f992a.dir/CheckIncludeFiles.c.o   -c "/mnt/c/Users/Artemee/WebstormProjects/Using WebAssembly with Rust/utils/target/wasm32-unknown-unknown/release/build/onig_sys-5f71c2c7b9d654fa/out/build/CMakeFiles/CMakeTmp/CheckIncludeFiles.c"
Linking C executable cmTC_f992a
/usr/bin/cmake -E cmake_link_script CMakeFiles/cmTC_f992a.dir/link.txt --verbose=1
/usr/bin/cc  -ffunction-sections -fdata-sections -fPIC -Wall     -rdynamic CMakeFiles/cmTC_f992a.dir/CheckIncludeFiles.c.o  -o cmTC_f992a 
make[1]: Leaving directory '/mnt/c/Users/Artemee/WebstormProjects/Using WebAssembly with Rust/utils/target/wasm32-unknown-unknown/release/build/onig_sys-5f71c2c7b9d654fa/out/build/CMakeFiles/CMakeTmp'


Determining if files sys/times.h exist passed with the following output:
Change Dir: /mnt/c/Users/Artemee/WebstormProjects/Using WebAssembly with Rust/utils/target/wasm32-unknown-unknown/release/build/onig_sys-5f71c2c7b9d654fa/out/build/CMakeFiles/CMakeTmp

Run Build Command:"/usr/bin/make" "cmTC_2be2a/fast"
/usr/bin/make -f CMakeFiles/cmTC_2be2a.dir/build.make CMakeFiles/cmTC_2be2a.dir/build
make[1]: Entering directory '/mnt/c/Users/Artemee/WebstormProjects/Using WebAssembly with Rust/utils/target/wasm32-unknown-unknown/release/build/onig_sys-5f71c2c7b9d654fa/out/build/CMakeFiles/CMakeTmp'
Building C object CMakeFiles/cmTC_2be2a.dir/CheckIncludeFiles.c.o
/usr/bin/cc   -ffunction-sections -fdata-sections -fPIC -Wall    -o CMakeFiles/cmTC_2be2a.dir/CheckIncludeFiles.c.o   -c "/mnt/c/Users/Artemee/WebstormProjects/Using WebAssembly with Rust/utils/target/wasm32-unknown-unknown/release/build/onig_sys-5f71c2c7b9d654fa/out/build/CMakeFiles/CMakeTmp/CheckIncludeFiles.c"
Linking C executable cmTC_2be2a
/usr/bin/cmake -E cmake_link_script CMakeFiles/cmTC_2be2a.dir/link.txt --verbose=1
/usr/bin/cc  -ffunction-sections -fdata-sections -fPIC -Wall     -rdynamic CMakeFiles/cmTC_2be2a.dir/CheckIncludeFiles.c.o  -o cmTC_2be2a 
make[1]: Leaving directory '/mnt/c/Users/Artemee/WebstormProjects/Using WebAssembly with Rust/utils/target/wasm32-unknown-unknown/release/build/onig_sys-5f71c2c7b9d654fa/out/build/CMakeFiles/CMakeTmp'


Determining if files sys/time.h exist passed with the following output:
Change Dir: /mnt/c/Users/Artemee/WebstormProjects/Using WebAssembly with Rust/utils/target/wasm32-unknown-unknown/release/build/onig_sys-5f71c2c7b9d654fa/out/build/CMakeFiles/CMakeTmp

Run Build Command:"/usr/bin/make" "cmTC_f13e8/fast"
/usr/bin/make -f CMakeFiles/cmTC_f13e8.dir/build.make CMakeFiles/cmTC_f13e8.dir/build
make[1]: Entering directory '/mnt/c/Users/Artemee/WebstormProjects/Using WebAssembly with Rust/utils/target/wasm32-unknown-unknown/release/build/onig_sys-5f71c2c7b9d654fa/out/build/CMakeFiles/CMakeTmp'
Building C object CMakeFiles/cmTC_f13e8.dir/CheckIncludeFiles.c.o
/usr/bin/cc   -ffunction-sections -fdata-sections -fPIC -Wall    -o CMakeFiles/cmTC_f13e8.dir/CheckIncludeFiles.c.o   -c "/mnt/c/Users/Artemee/WebstormProjects/Using WebAssembly with Rust/utils/target/wasm32-unknown-unknown/release/build/onig_sys-5f71c2c7b9d654fa/out/build/CMakeFiles/CMakeTmp/CheckIncludeFiles.c"
Linking C executable cmTC_f13e8
/usr/bin/cmake -E cmake_link_script CMakeFiles/cmTC_f13e8.dir/link.txt --verbose=1
/usr/bin/cc  -ffunction-sections -fdata-sections -fPIC -Wall     -rdynamic CMakeFiles/cmTC_f13e8.dir/CheckIncludeFiles.c.o  -o cmTC_f13e8 
make[1]: Leaving directory '/mnt/c/Users/Artemee/WebstormProjects/Using WebAssembly with Rust/utils/target/wasm32-unknown-unknown/release/build/onig_sys-5f71c2c7b9d654fa/out/build/CMakeFiles/CMakeTmp'


Determining if files sys/types.h exist passed with the following output:
Change Dir: /mnt/c/Users/Artemee/WebstormProjects/Using WebAssembly with Rust/utils/target/wasm32-unknown-unknown/release/build/onig_sys-5f71c2c7b9d654fa/out/build/CMakeFiles/CMakeTmp

Run Build Command:"/usr/bin/make" "cmTC_fff61/fast"
/usr/bin/make -f CMakeFiles/cmTC_fff61.dir/build.make CMakeFiles/cmTC_fff61.dir/build
make[1]: Entering directory '/mnt/c/Users/Artemee/WebstormProjects/Using WebAssembly with Rust/utils/target/wasm32-unknown-unknown/release/build/onig_sys-5f71c2c7b9d654fa/out/build/CMakeFiles/CMakeTmp'
Building C object CMakeFiles/cmTC_fff61.dir/CheckIncludeFiles.c.o
/usr/bin/cc   -ffunction-sections -fdata-sections -fPIC -Wall    -o CMakeFiles/cmTC_fff61.dir/CheckIncludeFiles.c.o   -c "/mnt/c/Users/Artemee/WebstormProjects/Using WebAssembly with Rust/utils/target/wasm32-unknown-unknown/release/build/onig_sys-5f71c2c7b9d654fa/out/build/CMakeFiles/CMakeTmp/CheckIncludeFiles.c"
Linking C executable cmTC_fff61
/usr/bin/cmake -E cmake_link_script CMakeFiles/cmTC_fff61.dir/link.txt --verbose=1
/usr/bin/cc  -ffunction-sections -fdata-sections -fPIC -Wall     -rdynamic CMakeFiles/cmTC_fff61.dir/CheckIncludeFiles.c.o  -o cmTC_fff61 
make[1]: Leaving directory '/mnt/c/Users/Artemee/WebstormProjects/Using WebAssembly with Rust/utils/target/wasm32-unknown-unknown/release/build/onig_sys-5f71c2c7b9d654fa/out/build/CMakeFiles/CMakeTmp'


Determining if files unistd.h exist passed with the following output:
Change Dir: /mnt/c/Users/Artemee/WebstormProjects/Using WebAssembly with Rust/utils/target/wasm32-unknown-unknown/release/build/onig_sys-5f71c2c7b9d654fa/out/build/CMakeFiles/CMakeTmp

Run Build Command:"/usr/bin/make" "cmTC_71819/fast"
/usr/bin/make -f CMakeFiles/cmTC_71819.dir/build.make CMakeFiles/cmTC_71819.dir/build
make[1]: Entering directory '/mnt/c/Users/Artemee/WebstormProjects/Using WebAssembly with Rust/utils/target/wasm32-unknown-unknown/release/build/onig_sys-5f71c2c7b9d654fa/out/build/CMakeFiles/CMakeTmp'
Building C object CMakeFiles/cmTC_71819.dir/CheckIncludeFiles.c.o
/usr/bin/cc   -ffunction-sections -fdata-sections -fPIC -Wall    -o CMakeFiles/cmTC_71819.dir/CheckIncludeFiles.c.o   -c "/mnt/c/Users/Artemee/WebstormProjects/Using WebAssembly with Rust/utils/target/wasm32-unknown-unknown/release/build/onig_sys-5f71c2c7b9d654fa/out/build/CMakeFiles/CMakeTmp/CheckIncludeFiles.c"
Linking C executable cmTC_71819
/usr/bin/cmake -E cmake_link_script CMakeFiles/cmTC_71819.dir/link.txt --verbose=1
/usr/bin/cc  -ffunction-sections -fdata-sections -fPIC -Wall     -rdynamic CMakeFiles/cmTC_71819.dir/CheckIncludeFiles.c.o  -o cmTC_71819 
make[1]: Leaving directory '/mnt/c/Users/Artemee/WebstormProjects/Using WebAssembly with Rust/utils/target/wasm32-unknown-unknown/release/build/onig_sys-5f71c2c7b9d654fa/out/build/CMakeFiles/CMakeTmp'


Determining if files inttypes.h exist passed with the following output:
Change Dir: /mnt/c/Users/Artemee/WebstormProjects/Using WebAssembly with Rust/utils/target/wasm32-unknown-unknown/release/build/onig_sys-5f71c2c7b9d654fa/out/build/CMakeFiles/CMakeTmp

Run Build Command:"/usr/bin/make" "cmTC_2c1d8/fast"
/usr/bin/make -f CMakeFiles/cmTC_2c1d8.dir/build.make CMakeFiles/cmTC_2c1d8.dir/build
make[1]: Entering directory '/mnt/c/Users/Artemee/WebstormProjects/Using WebAssembly with Rust/utils/target/wasm32-unknown-unknown/release/build/onig_sys-5f71c2c7b9d654fa/out/build/CMakeFiles/CMakeTmp'
Building C object CMakeFiles/cmTC_2c1d8.dir/CheckIncludeFiles.c.o
/usr/bin/cc   -ffunction-sections -fdata-sections -fPIC -Wall    -o CMakeFiles/cmTC_2c1d8.dir/CheckIncludeFiles.c.o   -c "/mnt/c/Users/Artemee/WebstormProjects/Using WebAssembly with Rust/utils/target/wasm32-unknown-unknown/release/build/onig_sys-5f71c2c7b9d654fa/out/build/CMakeFiles/CMakeTmp/CheckIncludeFiles.c"
Linking C executable cmTC_2c1d8
/usr/bin/cmake -E cmake_link_script CMakeFiles/cmTC_2c1d8.dir/link.txt --verbose=1
/usr/bin/cc  -ffunction-sections -fdata-sections -fPIC -Wall     -rdynamic CMakeFiles/cmTC_2c1d8.dir/CheckIncludeFiles.c.o  -o cmTC_2c1d8 
make[1]: Leaving directory '/mnt/c/Users/Artemee/WebstormProjects/Using WebAssembly with Rust/utils/target/wasm32-unknown-unknown/release/build/onig_sys-5f71c2c7b9d654fa/out/build/CMakeFiles/CMakeTmp'


Determining if the include file stddef.h exists passed with the following output:
Change Dir: /mnt/c/Users/Artemee/WebstormProjects/Using WebAssembly with Rust/utils/target/wasm32-unknown-unknown/release/build/onig_sys-5f71c2c7b9d654fa/out/build/CMakeFiles/CMakeTmp

Run Build Command:"/usr/bin/make" "cmTC_9fcda/fast"
/usr/bin/make -f CMakeFiles/cmTC_9fcda.dir/build.make CMakeFiles/cmTC_9fcda.dir/build
make[1]: Entering directory '/mnt/c/Users/Artemee/WebstormProjects/Using WebAssembly with Rust/utils/target/wasm32-unknown-unknown/release/build/onig_sys-5f71c2c7b9d654fa/out/build/CMakeFiles/CMakeTmp'
Building C object CMakeFiles/cmTC_9fcda.dir/CheckIncludeFile.c.o
/usr/bin/cc   -ffunction-sections -fdata-sections -fPIC -Wall    -o CMakeFiles/cmTC_9fcda.dir/CheckIncludeFile.c.o   -c "/mnt/c/Users/Artemee/WebstormProjects/Using WebAssembly with Rust/utils/target/wasm32-unknown-unknown/release/build/onig_sys-5f71c2c7b9d654fa/out/build/CMakeFiles/CMakeTmp/CheckIncludeFile.c"
Linking C executable cmTC_9fcda
/usr/bin/cmake -E cmake_link_script CMakeFiles/cmTC_9fcda.dir/link.txt --verbose=1
/usr/bin/cc  -ffunction-sections -fdata-sections -fPIC -Wall     -rdynamic CMakeFiles/cmTC_9fcda.dir/CheckIncludeFile.c.o  -o cmTC_9fcda 
make[1]: Leaving directory '/mnt/c/Users/Artemee/WebstormProjects/Using WebAssembly with Rust/utils/target/wasm32-unknown-unknown/release/build/onig_sys-5f71c2c7b9d654fa/out/build/CMakeFiles/CMakeTmp'


Determining size of int passed with the following output:
Change Dir: /mnt/c/Users/Artemee/WebstormProjects/Using WebAssembly with Rust/utils/target/wasm32-unknown-unknown/release/build/onig_sys-5f71c2c7b9d654fa/out/build/CMakeFiles/CMakeTmp

Run Build Command:"/usr/bin/make" "cmTC_517f4/fast"
/usr/bin/make -f CMakeFiles/cmTC_517f4.dir/build.make CMakeFiles/cmTC_517f4.dir/build
make[1]: Entering directory '/mnt/c/Users/Artemee/WebstormProjects/Using WebAssembly with Rust/utils/target/wasm32-unknown-unknown/release/build/onig_sys-5f71c2c7b9d654fa/out/build/CMakeFiles/CMakeTmp'
Building C object CMakeFiles/cmTC_517f4.dir/SIZEOF_INT.c.o
/usr/bin/cc   -ffunction-sections -fdata-sections -fPIC -Wall    -o CMakeFiles/cmTC_517f4.dir/SIZEOF_INT.c.o   -c "/mnt/c/Users/Artemee/WebstormProjects/Using WebAssembly with Rust/utils/target/wasm32-unknown-unknown/release/build/onig_sys-5f71c2c7b9d654fa/out/build/CMakeFiles/CheckTypeSize/SIZEOF_INT.c"
Linking C executable cmTC_517f4
/usr/bin/cmake -E cmake_link_script CMakeFiles/cmTC_517f4.dir/link.txt --verbose=1
/usr/bin/cc  -ffunction-sections -fdata-sections -fPIC -Wall     -rdynamic CMakeFiles/cmTC_517f4.dir/SIZEOF_INT.c.o  -o cmTC_517f4 
make[1]: Leaving directory '/mnt/c/Users/Artemee/WebstormProjects/Using WebAssembly with Rust/utils/target/wasm32-unknown-unknown/release/build/onig_sys-5f71c2c7b9d654fa/out/build/CMakeFiles/CMakeTmp'


Determining size of long passed with the following output:
Change Dir: /mnt/c/Users/Artemee/WebstormProjects/Using WebAssembly with Rust/utils/target/wasm32-unknown-unknown/release/build/onig_sys-5f71c2c7b9d654fa/out/build/CMakeFiles/CMakeTmp

Run Build Command:"/usr/bin/make" "cmTC_2a0a2/fast"
/usr/bin/make -f CMakeFiles/cmTC_2a0a2.dir/build.make CMakeFiles/cmTC_2a0a2.dir/build
make[1]: Entering directory '/mnt/c/Users/Artemee/WebstormProjects/Using WebAssembly with Rust/utils/target/wasm32-unknown-unknown/release/build/onig_sys-5f71c2c7b9d654fa/out/build/CMakeFiles/CMakeTmp'
Building C object CMakeFiles/cmTC_2a0a2.dir/SIZEOF_LONG.c.o
/usr/bin/cc   -ffunction-sections -fdata-sections -fPIC -Wall    -o CMakeFiles/cmTC_2a0a2.dir/SIZEOF_LONG.c.o   -c "/mnt/c/Users/Artemee/WebstormProjects/Using WebAssembly with Rust/utils/target/wasm32-unknown-unknown/release/build/onig_sys-5f71c2c7b9d654fa/out/build/CMakeFiles/CheckTypeSize/SIZEOF_LONG.c"
Linking C executable cmTC_2a0a2
/usr/bin/cmake -E cmake_link_script CMakeFiles/cmTC_2a0a2.dir/link.txt --verbose=1
/usr/bin/cc  -ffunction-sections -fdata-sections -fPIC -Wall     -rdynamic CMakeFiles/cmTC_2a0a2.dir/SIZEOF_LONG.c.o  -o cmTC_2a0a2 
make[1]: Leaving directory '/mnt/c/Users/Artemee/WebstormProjects/Using WebAssembly with Rust/utils/target/wasm32-unknown-unknown/release/build/onig_sys-5f71c2c7b9d654fa/out/build/CMakeFiles/CMakeTmp'


Determining size of short passed with the following output:
Change Dir: /mnt/c/Users/Artemee/WebstormProjects/Using WebAssembly with Rust/utils/target/wasm32-unknown-unknown/release/build/onig_sys-5f71c2c7b9d654fa/out/build/CMakeFiles/CMakeTmp

Run Build Command:"/usr/bin/make" "cmTC_1cb80/fast"
/usr/bin/make -f CMakeFiles/cmTC_1cb80.dir/build.make CMakeFiles/cmTC_1cb80.dir/build
make[1]: Entering directory '/mnt/c/Users/Artemee/WebstormProjects/Using WebAssembly with Rust/utils/target/wasm32-unknown-unknown/release/build/onig_sys-5f71c2c7b9d654fa/out/build/CMakeFiles/CMakeTmp'
Building C object CMakeFiles/cmTC_1cb80.dir/SIZEOF_SHORT.c.o
/usr/bin/cc   -ffunction-sections -fdata-sections -fPIC -Wall    -o CMakeFiles/cmTC_1cb80.dir/SIZEOF_SHORT.c.o   -c "/mnt/c/Users/Artemee/WebstormProjects/Using WebAssembly with Rust/utils/target/wasm32-unknown-unknown/release/build/onig_sys-5f71c2c7b9d654fa/out/build/CMakeFiles/CheckTypeSize/SIZEOF_SHORT.c"
Linking C executable cmTC_1cb80
/usr/bin/cmake -E cmake_link_script CMakeFiles/cmTC_1cb80.dir/link.txt --verbose=1
/usr/bin/cc  -ffunction-sections -fdata-sections -fPIC -Wall     -rdynamic CMakeFiles/cmTC_1cb80.dir/SIZEOF_SHORT.c.o  -o cmTC_1cb80 
make[1]: Leaving directory '/mnt/c/Users/Artemee/WebstormProjects/Using WebAssembly with Rust/utils/target/wasm32-unknown-unknown/release/build/onig_sys-5f71c2c7b9d654fa/out/build/CMakeFiles/CMakeTmp'


Determining if files stdlib.h;stdarg.h;string.h;float.h exist passed with the following output:
Change Dir: /mnt/c/Users/Artemee/WebstormProjects/Using WebAssembly with Rust/utils/target/wasm32-unknown-unknown/release/build/onig_sys-5f71c2c7b9d654fa/out/build/CMakeFiles/CMakeTmp

Run Build Command:"/usr/bin/make" "cmTC_dd1e7/fast"
/usr/bin/make -f CMakeFiles/cmTC_dd1e7.dir/build.make CMakeFiles/cmTC_dd1e7.dir/build
make[1]: Entering directory '/mnt/c/Users/Artemee/WebstormProjects/Using WebAssembly with Rust/utils/target/wasm32-unknown-unknown/release/build/onig_sys-5f71c2c7b9d654fa/out/build/CMakeFiles/CMakeTmp'
Building C object CMakeFiles/cmTC_dd1e7.dir/CheckIncludeFiles.c.o
/usr/bin/cc   -ffunction-sections -fdata-sections -fPIC -Wall    -o CMakeFiles/cmTC_dd1e7.dir/CheckIncludeFiles.c.o   -c "/mnt/c/Users/Artemee/WebstormProjects/Using WebAssembly with Rust/utils/target/wasm32-unknown-unknown/release/build/onig_sys-5f71c2c7b9d654fa/out/build/CMakeFiles/CMakeTmp/CheckIncludeFiles.c"
Linking C executable cmTC_dd1e7
/usr/bin/cmake -E cmake_link_script CMakeFiles/cmTC_dd1e7.dir/link.txt --verbose=1
/usr/bin/cc  -ffunction-sections -fdata-sections -fPIC -Wall     -rdynamic CMakeFiles/cmTC_dd1e7.dir/CheckIncludeFiles.c.o  -o cmTC_dd1e7 
make[1]: Leaving directory '/mnt/c/Users/Artemee/WebstormProjects/Using WebAssembly with Rust/utils/target/wasm32-unknown-unknown/release/build/onig_sys-5f71c2c7b9d654fa/out/build/CMakeFiles/CMakeTmp'


