Determining if the function alloca exists failed with the following output:
Change Dir: /mnt/c/Users/Artemee/WebstormProjects/Using WebAssembly with Rust/utils/target/wasm32-unknown-unknown/release/build/onig_sys-5f71c2c7b9d654fa/out/build/CMakeFiles/CMakeTmp

Run Build Command:"/usr/bin/make" "cmTC_56b5e/fast"
/usr/bin/make -f CMakeFiles/cmTC_56b5e.dir/build.make CMakeFiles/cmTC_56b5e.dir/build
make[1]: Entering directory '/mnt/c/Users/Artemee/WebstormProjects/Using WebAssembly with Rust/utils/target/wasm32-unknown-unknown/release/build/onig_sys-5f71c2c7b9d654fa/out/build/CMakeFiles/CMakeTmp'
Building C object CMakeFiles/cmTC_56b5e.dir/CheckFunctionExists.c.o
/usr/bin/cc   -ffunction-sections -fdata-sections -fPIC -Wall -DCHECK_FUNCTION_EXISTS=alloca   -o CMakeFiles/cmTC_56b5e.dir/CheckFunctionExists.c.o   -c /usr/share/cmake-3.10/Modules/CheckFunctionExists.c
<command-line>:0:23: warning: conflicting types for built-in function ‘alloca’ [-Wbuiltin-declaration-mismatch]
/usr/share/cmake-3.10/Modules/CheckFunctionExists.c:7:3: note: in expansion of macro ‘CHECK_FUNCTION_EXISTS’
   CHECK_FUNCTION_EXISTS(void);
   ^~~~~~~~~~~~~~~~~~~~~
Linking C executable cmTC_56b5e
/usr/bin/cmake -E cmake_link_script CMakeFiles/cmTC_56b5e.dir/link.txt --verbose=1
/usr/bin/cc  -ffunction-sections -fdata-sections -fPIC -Wall -DCHECK_FUNCTION_EXISTS=alloca    -rdynamic CMakeFiles/cmTC_56b5e.dir/CheckFunctionExists.c.o  -o cmTC_56b5e 
CMakeFiles/cmTC_56b5e.dir/CheckFunctionExists.c.o: In function `main':
CheckFunctionExists.c:(.text.main+0x1f): undefined reference to `alloca'
collect2: error: ld returned 1 exit status
CMakeFiles/cmTC_56b5e.dir/build.make:97: recipe for target 'cmTC_56b5e' failed
make[1]: *** [cmTC_56b5e] Error 1
make[1]: Leaving directory '/mnt/c/Users/Artemee/WebstormProjects/Using WebAssembly with Rust/utils/target/wasm32-unknown-unknown/release/build/onig_sys-5f71c2c7b9d654fa/out/build/CMakeFiles/CMakeTmp'
Makefile:126: recipe for target 'cmTC_56b5e/fast' failed
make: *** [cmTC_56b5e/fast] Error 2


